# JRE version: OpenJDK Runtime Environment Microsoft-8297089 (17.0.8.1+1) (build 17.0.8.1+1-LTS)
# Java VM: OpenJDK 64-Bit Server VM Microsoft-8297089 (17.0.8.1+1-LTS, mixed mode, sharing, tiered, compressed oops, compressed class ptrs, g1 gc, windows-amd64)
GC Precious Log:
 CPUs: 4 total, 4 available
 Memory: 7958M
 Large Page Support: Disabled
 NUMA Support: Disabled
 Compressed Oops: Enabled (32-bit)
 Heap Region Size: 1M
 Heap Min Capacity: 8M
 Heap Initial Capacity: 126M
 Heap Max Capacity: 2G
 Pre-touch: Disabled
 Parallel Workers: 4
 Concurrent Workers: 1
 Concurrent Refinement Workers: 4
 Periodic GC: Disabled
Heap:
 garbage-first heap   total 416768K, used 172469K [0x0000000080000000, 0x0000000100000000)
  region size 1024K, 8 young (8192K), 1 survivors (1024K)
 Metaspace       used 100554K, committed 101504K, reserved 557056K
  class space    used 13683K, committed 14144K, reserved 425984K
GC Heap History (20 events):
Event: 174.991 GC heap before
{Heap before GC invocations=51 (full 0):
 garbage-first heap   total 196608K, used 158586K [0x0000000080000000, 0x0000000100000000)
  region size 1024K, 44 young (45056K), 7 survivors (7168K)
 Metaspace       used 89019K, committed 89856K, reserved 557056K
  class space    used 12262K, committed 12672K, reserved 425984K
}
Event: 175.020 GC heap after
{Heap after GC invocations=52 (full 0):
 garbage-first heap   total 196608K, used 127220K [0x0000000080000000, 0x0000000100000000)
  region size 1024K, 5 young (5120K), 5 survivors (5120K)
 Metaspace       used 89019K, committed 89856K, reserved 557056K
  class space    used 12262K, committed 12672K, reserved 425984K
}
Event: 176.585 GC heap before
{Heap before GC invocations=53 (full 0):
 garbage-first heap   total 225280K, used 158964K [0x0000000080000000, 0x0000000100000000)
  region size 1024K, 35 young (35840K), 5 survivors (5120K)
 Metaspace       used 89969K, committed 90816K, reserved 557056K
  class space    used 12378K, committed 12736K, reserved 425984K
}
Event: 176.617 GC heap after
{Heap after GC invocations=54 (full 0):
 garbage-first heap   total 225280K, used 135168K [0x0000000080000000, 0x0000000100000000)
  region size 1024K, 5 young (5120K), 5 survivors (5120K)
 Metaspace       used 89969K, committed 90816K, reserved 557056K
  class space    used 12378K, committed 12736K, reserved 425984K
}
Event: 176.953 GC heap before
{Heap before GC invocations=54 (full 0):
 garbage-first heap   total 225280K, used 141312K [0x0000000080000000, 0x0000000100000000)
  region size 1024K, 11 young (11264K), 5 survivors (5120K)
 Metaspace       used 90672K, committed 91520K, reserved 557056K
  class space    used 12487K, committed 12864K, reserved 425984K
}
Event: 176.983 GC heap after
{Heap after GC invocations=55 (full 0):
 garbage-first heap   total 225280K, used 136104K [0x0000000080000000, 0x0000000100000000)
  region size 1024K, 1 young (1024K), 1 survivors (1024K)
 Metaspace       used 90672K, committed 91520K, reserved 557056K
  class space    used 12487K, committed 12864K, reserved 425984K
}
Event: 179.718 GC heap before
{Heap before GC invocations=55 (full 0):
 garbage-first heap   total 225280K, used 175016K [0x0000000080000000, 0x0000000100000000)
  region size 1024K, 39 young (39936K), 1 survivors (1024K)
 Metaspace       used 94437K, committed 95296K, reserved 557056K
  class space    used 13011K, committed 13440K, reserved 425984K
}
Event: 179.739 GC heap after
{Heap after GC invocations=56 (full 0):
 garbage-first heap   total 225280K, used 139842K [0x0000000080000000, 0x0000000100000000)
  region size 1024K, 5 young (5120K), 5 survivors (5120K)
 Metaspace       used 94437K, committed 95296K, reserved 557056K
  class space    used 13011K, committed 13440K, reserved 425984K
}
Event: 181.665 GC heap before
{Heap before GC invocations=56 (full 0):
 garbage-first heap   total 225280K, used 178754K [0x0000000080000000, 0x0000000100000000)
  region size 1024K, 43 young (44032K), 5 survivors (5120K)
 Metaspace       used 95515K, committed 96384K, reserved 557056K
  class space    used 13136K, committed 13568K, reserved 425984K
}
Event: 181.699 GC heap after
{Heap after GC invocations=57 (full 0):
 garbage-first heap   total 225280K, used 145262K [0x0000000080000000, 0x0000000100000000)
  region size 1024K, 6 young (6144K), 6 survivors (6144K)
 Metaspace       used 95515K, committed 96384K, reserved 557056K
  class space    used 13136K, committed 13568K, reserved 425984K
}
Event: 184.183 GC heap before
{Heap before GC invocations=57 (full 0):
 garbage-first heap   total 225280K, used 182126K [0x0000000080000000, 0x0000000100000000)
  region size 1024K, 42 young (43008K), 6 survivors (6144K)
 Metaspace       used 97262K, committed 98112K, reserved 557056K
  class space    used 13353K, committed 13760K, reserved 425984K
}
Event: 184.217 GC heap after
{Heap after GC invocations=58 (full 0):
 garbage-first heap   total 225280K, used 150288K [0x0000000080000000, 0x0000000100000000)
  region size 1024K, 5 young (5120K), 5 survivors (5120K)
 Metaspace       used 97262K, committed 98112K, reserved 557056K
  class space    used 13353K, committed 13760K, reserved 425984K
}
Event: 186.322 GC heap before
{Heap before GC invocations=58 (full 0):
 garbage-first heap   total 225280K, used 184080K [0x0000000080000000, 0x0000000100000000)
  region size 1024K, 39 young (39936K), 5 survivors (5120K)
 Metaspace       used 99694K, committed 100608K, reserved 557056K
  class space    used 13578K, committed 14016K, reserved 425984K
}
Event: 186.349 GC heap after
{Heap after GC invocations=59 (full 0):
 garbage-first heap   total 225280K, used 155648K [0x0000000080000000, 0x0000000100000000)
  region size 1024K, 5 young (5120K), 5 survivors (5120K)
 Metaspace       used 99694K, committed 100608K, reserved 557056K
  class space    used 13578K, committed 14016K, reserved 425984K
}
Event: 189.211 GC heap before
{Heap before GC invocations=59 (full 0):
 garbage-first heap   total 225280K, used 186368K [0x0000000080000000, 0x0000000100000000)
  region size 1024K, 36 young (36864K), 5 survivors (5120K)
 Metaspace       used 100426K, committed 101376K, reserved 557056K
  class space    used 13682K, committed 14144K, reserved 425984K
}
Event: 189.236 GC heap after
{Heap after GC invocations=60 (full 0):
 garbage-first heap   total 225280K, used 158165K [0x0000000080000000, 0x0000000100000000)
  region size 1024K, 3 young (3072K), 3 survivors (3072K)
 Metaspace       used 100426K, committed 101376K, reserved 557056K
  class space    used 13682K, committed 14144K, reserved 425984K
}
Event: 191.589 GC heap before
{Heap before GC invocations=60 (full 0):
 garbage-first heap   total 225280K, used 187861K [0x0000000080000000, 0x0000000100000000)
  region size 1024K, 33 young (33792K), 3 survivors (3072K)
 Metaspace       used 100551K, committed 101504K, reserved 557056K
  class space    used 13683K, committed 14144K, reserved 425984K
}
Event: 191.605 GC heap after
{Heap after GC invocations=61 (full 0):
 garbage-first heap   total 225280K, used 161468K [0x0000000080000000, 0x0000000100000000)
  region size 1024K, 5 young (5120K), 5 survivors (5120K)
 Metaspace       used 100551K, committed 101504K, reserved 557056K
  class space    used 13683K, committed 14144K, reserved 425984K
}
Event: 192.849 GC heap before
{Heap before GC invocations=62 (full 0):
 garbage-first heap   total 293888K, used 183996K [0x0000000080000000, 0x0000000100000000)
  region size 1024K, 28 young (28672K), 5 survivors (5120K)
 Metaspace       used 100551K, committed 101504K, reserved 557056K
  class space    used 13683K, committed 14144K, reserved 425984K
}
Event: 192.867 GC heap after
{Heap after GC invocations=63 (full 0):
 garbage-first heap   total 293888K, used 163125K [0x0000000080000000, 0x0000000100000000)
  region size 1024K, 2 young (2048K), 2 survivors (2048K)
 Metaspace       used 100551K, committed 101504K, reserved 557056K
  class space    used 13683K, committed 14144K, reserved 425984K
}

